<?xml version="1.0" encoding="UTF-8"?>
<coverage generated="1682270359134" clover="3.2.0">
  <project timestamp="1682270359134" name="All files">
    <metrics statements="162" coveredstatements="136" conditionals="51" coveredconditionals="33" methods="22" coveredmethods="20" elements="235" coveredelements="189" complexity="0" loc="162" ncloc="162" packages="5" files="11" classes="11"/>
    <package name="antifraud">
      <metrics statements="39" coveredstatements="31" conditionals="23" coveredconditionals="17" methods="4" coveredmethods="4"/>
      <file name="antifraud.controller.ts" path="/Users/luisgamarra/WebstormProjects/yape-reto/transaction/src/contexts/antifraud/antifraud.controller.ts">
        <metrics statements="20" coveredstatements="19" conditionals="23" coveredconditionals="17" methods="2" coveredmethods="2"/>
        <line num="1" count="1" type="stmt"/>
        <line num="2" count="1" type="stmt"/>
        <line num="3" count="1" type="stmt"/>
        <line num="4" count="1" type="stmt"/>
        <line num="5" count="1" type="stmt"/>
        <line num="6" count="1" type="stmt"/>
        <line num="11" count="1" type="stmt"/>
        <line num="13" count="4" type="stmt"/>
        <line num="14" count="4" type="stmt"/>
        <line num="15" count="4" type="stmt"/>
        <line num="19" count="1" type="stmt"/>
        <line num="20" count="2" type="stmt"/>
        <line num="21" count="2" type="cond" truecount="3" falsecount="1"/>
        <line num="22" count="2" type="cond" truecount="3" falsecount="1"/>
        <line num="23" count="2" type="cond" truecount="3" falsecount="2"/>
        <line num="24" count="0" type="stmt"/>
        <line num="26" count="2" type="stmt"/>
        <line num="36" count="2" type="stmt"/>
        <line num="37" count="2" type="stmt"/>
        <line num="39" count="1" type="stmt"/>
      </file>
      <file name="antifraud.module.ts" path="/Users/luisgamarra/WebstormProjects/yape-reto/transaction/src/contexts/antifraud/antifraud.module.ts">
        <metrics statements="5" coveredstatements="0" conditionals="0" coveredconditionals="0" methods="0" coveredmethods="0"/>
        <line num="1" count="0" type="stmt"/>
        <line num="2" count="0" type="stmt"/>
        <line num="3" count="0" type="stmt"/>
        <line num="4" count="0" type="stmt"/>
        <line num="12" count="0" type="stmt"/>
      </file>
      <file name="antifraud.service.ts" path="/Users/luisgamarra/WebstormProjects/yape-reto/transaction/src/contexts/antifraud/antifraud.service.ts">
        <metrics statements="14" coveredstatements="12" conditionals="0" coveredconditionals="0" methods="2" coveredmethods="2"/>
        <line num="1" count="2" type="stmt"/>
        <line num="2" count="2" type="stmt"/>
        <line num="3" count="2" type="stmt"/>
        <line num="5" count="2" type="stmt"/>
        <line num="9" count="2" type="stmt"/>
        <line num="11" count="4" type="stmt"/>
        <line num="12" count="4" type="stmt"/>
        <line num="13" count="4" type="stmt"/>
        <line num="17" count="1" type="stmt"/>
        <line num="19" count="1" type="stmt"/>
        <line num="21" count="1" type="stmt"/>
        <line num="31" count="1" type="stmt"/>
        <line num="33" count="0" type="stmt"/>
        <line num="43" count="0" type="stmt"/>
      </file>
    </package>
    <package name="transaction">
      <metrics statements="96" coveredstatements="83" conditionals="11" coveredconditionals="4" methods="12" coveredmethods="12"/>
      <file name="transaction.builder.ts" path="/Users/luisgamarra/WebstormProjects/yape-reto/transaction/src/contexts/transaction/transaction.builder.ts">
        <metrics statements="1" coveredstatements="1" conditionals="0" coveredconditionals="0" methods="1" coveredmethods="1"/>
        <line num="3" count="2" type="stmt"/>
      </file>
      <file name="transaction.controller.ts" path="/Users/luisgamarra/WebstormProjects/yape-reto/transaction/src/contexts/transaction/transaction.controller.ts">
        <metrics statements="19" coveredstatements="19" conditionals="0" coveredconditionals="0" methods="3" coveredmethods="3"/>
        <line num="1" count="1" type="stmt"/>
        <line num="2" count="1" type="stmt"/>
        <line num="3" count="1" type="stmt"/>
        <line num="4" count="1" type="stmt"/>
        <line num="5" count="1" type="stmt"/>
        <line num="6" count="1" type="stmt"/>
        <line num="7" count="1" type="stmt"/>
        <line num="8" count="1" type="stmt"/>
        <line num="9" count="1" type="stmt"/>
        <line num="12" count="1" type="stmt"/>
        <line num="14" count="5" type="stmt"/>
        <line num="15" count="5" type="stmt"/>
        <line num="16" count="5" type="stmt"/>
        <line num="19" count="1" type="stmt"/>
        <line num="25" count="2" type="stmt"/>
        <line num="35" count="2" type="stmt"/>
        <line num="38" count="1" type="stmt"/>
        <line num="44" count="1" type="stmt"/>
        <line num="53" count="1" type="stmt"/>
      </file>
      <file name="transaction.module.ts" path="/Users/luisgamarra/WebstormProjects/yape-reto/transaction/src/contexts/transaction/transaction.module.ts">
        <metrics statements="6" coveredstatements="0" conditionals="0" coveredconditionals="0" methods="0" coveredmethods="0"/>
        <line num="1" count="0" type="stmt"/>
        <line num="2" count="0" type="stmt"/>
        <line num="3" count="0" type="stmt"/>
        <line num="4" count="0" type="stmt"/>
        <line num="5" count="0" type="stmt"/>
        <line num="13" count="0" type="stmt"/>
      </file>
      <file name="transaction.repository.ts" path="/Users/luisgamarra/WebstormProjects/yape-reto/transaction/src/contexts/transaction/transaction.repository.ts">
        <metrics statements="33" coveredstatements="30" conditionals="0" coveredconditionals="0" methods="4" coveredmethods="4"/>
        <line num="1" count="5" type="stmt"/>
        <line num="2" count="5" type="stmt"/>
        <line num="3" count="5" type="stmt"/>
        <line num="4" count="5" type="stmt"/>
        <line num="7" count="5" type="stmt"/>
        <line num="10" count="4" type="stmt"/>
        <line num="14" count="2" type="stmt"/>
        <line num="15" count="2" type="stmt"/>
        <line num="16" count="2" type="stmt"/>
        <line num="17" count="2" type="stmt"/>
        <line num="18" count="2" type="stmt"/>
        <line num="19" count="1" type="stmt"/>
        <line num="20" count="1" type="stmt"/>
        <line num="23" count="1" type="stmt"/>
        <line num="24" count="1" type="stmt"/>
        <line num="27" count="2" type="stmt"/>
        <line num="32" count="1" type="stmt"/>
        <line num="33" count="1" type="stmt"/>
        <line num="34" count="1" type="stmt"/>
        <line num="35" count="1" type="stmt"/>
        <line num="36" count="1" type="stmt"/>
        <line num="38" count="1" type="stmt"/>
        <line num="39" count="1" type="stmt"/>
        <line num="42" count="0" type="stmt"/>
        <line num="43" count="0" type="stmt"/>
        <line num="46" count="1" type="stmt"/>
        <line num="51" count="1" type="stmt"/>
        <line num="52" count="1" type="stmt"/>
        <line num="53" count="1" type="stmt"/>
        <line num="54" count="1" type="stmt"/>
        <line num="55" count="1" type="stmt"/>
        <line num="58" count="0" type="stmt"/>
        <line num="60" count="1" type="stmt"/>
      </file>
      <file name="transaction.service.ts" path="/Users/luisgamarra/WebstormProjects/yape-reto/transaction/src/contexts/transaction/transaction.service.ts">
        <metrics statements="37" coveredstatements="33" conditionals="11" coveredconditionals="4" methods="4" coveredmethods="4"/>
        <line num="1" count="2" type="stmt"/>
        <line num="2" count="2" type="stmt"/>
        <line num="3" count="2" type="stmt"/>
        <line num="4" count="2" type="stmt"/>
        <line num="7" count="2" type="stmt"/>
        <line num="8" count="2" type="stmt"/>
        <line num="9" count="2" type="stmt"/>
        <line num="10" count="2" type="stmt"/>
        <line num="11" count="2" type="stmt"/>
        <line num="12" count="2" type="stmt"/>
        <line num="15" count="2" type="stmt"/>
        <line num="17" count="4" type="stmt"/>
        <line num="18" count="4" type="stmt"/>
        <line num="19" count="4" type="stmt"/>
        <line num="20" count="4" type="stmt"/>
        <line num="23" count="2" type="stmt"/>
        <line num="24" count="2" type="stmt"/>
        <line num="26" count="2" type="stmt"/>
        <line num="35" count="2" type="stmt"/>
        <line num="37" count="2" type="stmt"/>
        <line num="43" count="2" type="stmt"/>
        <line num="45" count="1" type="stmt"/>
        <line num="49" count="1" type="stmt"/>
        <line num="59" count="1" type="stmt"/>
        <line num="61" count="1" type="stmt"/>
        <line num="66" count="1" type="stmt"/>
        <line num="78" count="1" type="stmt"/>
        <line num="83" count="1" type="stmt"/>
        <line num="85" count="1" type="stmt"/>
        <line num="87" count="1" type="stmt"/>
        <line num="89" count="1" type="cond" truecount="0" falsecount="1"/>
        <line num="90" count="0" type="stmt"/>
        <line num="93" count="1" type="stmt"/>
        <line num="102" count="1" type="stmt"/>
        <line num="105" count="0" type="stmt"/>
        <line num="110" count="0" type="stmt"/>
        <line num="119" count="0" type="stmt"/>
      </file>
    </package>
    <package name="transaction.entities">
      <metrics statements="11" coveredstatements="11" conditionals="0" coveredconditionals="0" methods="1" coveredmethods="1"/>
      <file name="transaction.entity.ts" path="/Users/luisgamarra/WebstormProjects/yape-reto/transaction/src/contexts/transaction/entities/transaction.entity.ts">
        <metrics statements="11" coveredstatements="11" conditionals="0" coveredconditionals="0" methods="1" coveredmethods="1"/>
        <line num="1" count="5" type="stmt"/>
        <line num="10" count="5" type="stmt"/>
        <line num="12" count="5" type="stmt"/>
        <line num="15" count="5" type="stmt"/>
        <line num="18" count="5" type="stmt"/>
        <line num="21" count="5" type="stmt"/>
        <line num="24" count="5" type="stmt"/>
        <line num="27" count="5" type="stmt"/>
        <line num="30" count="5" type="stmt"/>
        <line num="33" count="5" type="stmt"/>
        <line num="37" count="2" type="stmt"/>
      </file>
    </package>
    <package name="transaction.events">
      <metrics statements="8" coveredstatements="8" conditionals="16" coveredconditionals="12" methods="2" coveredmethods="2"/>
      <file name="create.transaction.ts" path="/Users/luisgamarra/WebstormProjects/yape-reto/transaction/src/contexts/transaction/events/create.transaction.ts">
        <metrics statements="8" coveredstatements="8" conditionals="16" coveredconditionals="12" methods="2" coveredmethods="2"/>
        <line num="2" count="3" type="stmt"/>
        <line num="4" count="3" type="stmt"/>
        <line num="5" count="4" type="stmt"/>
        <line num="6" count="4" type="stmt"/>
        <line num="7" count="4" type="stmt"/>
        <line num="9" count="4" type="stmt"/>
        <line num="10" count="4" type="cond" truecount="12" falsecount="4"/>
        <line num="14" count="2" type="stmt"/>
      </file>
    </package>
    <package name="transaction.pipe">
      <metrics statements="8" coveredstatements="3" conditionals="1" coveredconditionals="0" methods="3" coveredmethods="1"/>
      <file name="validation.pipe.ts" path="/Users/luisgamarra/WebstormProjects/yape-reto/transaction/src/contexts/transaction/pipe/validation.pipe.ts">
        <metrics statements="8" coveredstatements="3" conditionals="1" coveredconditionals="0" methods="3" coveredmethods="1"/>
        <line num="1" count="1" type="stmt"/>
        <line num="11" count="1" type="stmt"/>
        <line num="12" count="1" type="stmt"/>
        <line num="15" count="0" type="stmt"/>
        <line num="16" count="0" type="cond" truecount="0" falsecount="1"/>
        <line num="17" count="0" type="stmt"/>
        <line num="18" count="0" type="stmt"/>
        <line num="20" count="0" type="stmt"/>
      </file>
    </package>
  </project>
</coverage>
