{"/Users/luisgamarra/WebstormProjects/yape-reto/transaction/src/contexts/antifraud/antifraud.controller.ts": {"path":"/Users/luisgamarra/WebstormProjects/yape-reto/transaction/src/contexts/antifraud/antifraud.controller.ts","statementMap":{"0":{"start":{"line":1,"column":0},"end":{"line":1,"column":44}},"1":{"start":{"line":2,"column":0},"end":{"line":2,"column":55}},"2":{"start":{"line":3,"column":0},"end":{"line":3,"column":63}},"3":{"start":{"line":4,"column":0},"end":{"line":4,"column":63}},"4":{"start":{"line":5,"column":0},"end":{"line":5,"column":58}},"5":{"start":{"line":6,"column":0},"end":{"line":6,"column":59}},"6":{"start":{"line":11,"column":7},"end":{"line":51,"column":null}},"7":{"start":{"line":13,"column":12},"end":{"line":13,"column":30}},"8":{"start":{"line":14,"column":12},"end":{"line":14,"column":20}},"9":{"start":{"line":15,"column":12},"end":{"line":15,"column":20}},"10":{"start":{"line":20,"column":28},"end":{"line":20,"column":48}},"11":{"start":{"line":21,"column":20},"end":{"line":21,"column":69}},"12":{"start":{"line":22,"column":18},"end":{"line":22,"column":69}},"13":{"start":{"line":23,"column":4},"end":{"line":25,"column":null}},"14":{"start":{"line":24,"column":6},"end":{"line":24,"column":44}},"15":{"start":{"line":26,"column":4},"end":{"line":35,"column":6}},"16":{"start":{"line":36,"column":6},"end":{"line":49,"column":null}},"17":{"start":{"line":37,"column":8},"end":{"line":37,"column":59}},"18":{"start":{"line":39,"column":10},"end":{"line":48,"column":12}},"19":{"start":{"line":19,"column":8},"end":{"line":50,"column":null}},"20":{"start":{"line":11,"column":13},"end":{"line":51,"column":null}},"21":{"start":{"line":11,"column":13},"end":{"line":11,"column":32}}},"fnMap":{"0":{"name":"(anonymous_4)","decl":{"start":{"line":12,"column":2},"end":{"line":12,"column":null}},"loc":{"start":{"line":15,"column":33},"end":{"line":16,"column":6}}},"1":{"name":"(anonymous_5)","decl":{"start":{"line":19,"column":2},"end":{"line":19,"column":7}},"loc":{"start":{"line":19,"column":41},"end":{"line":50,"column":3}}}},"branchMap":{"0":{"loc":{"start":{"line":21,"column":20},"end":{"line":21,"column":69}},"type":"cond-expr","locations":[{"start":{"line":21,"column":35},"end":{"line":21,"column":37}},{"start":{"line":21,"column":20},"end":{"line":21,"column":69}}]},"1":{"loc":{"start":{"line":21,"column":20},"end":{"line":21,"column":37}},"type":"binary-expr","locations":[{"start":{"line":21,"column":20},"end":{"line":21,"column":37}},{"start":{"line":21,"column":20},"end":{"line":21,"column":37}}]},"2":{"loc":{"start":{"line":22,"column":18},"end":{"line":22,"column":69}},"type":"cond-expr","locations":[{"start":{"line":22,"column":33},"end":{"line":22,"column":35}},{"start":{"line":22,"column":18},"end":{"line":22,"column":69}}]},"3":{"loc":{"start":{"line":22,"column":18},"end":{"line":22,"column":35}},"type":"binary-expr","locations":[{"start":{"line":22,"column":18},"end":{"line":22,"column":35}},{"start":{"line":22,"column":18},"end":{"line":22,"column":35}}]},"4":{"loc":{"start":{"line":23,"column":4},"end":{"line":25,"column":null}},"type":"if","locations":[{"start":{"line":23,"column":4},"end":{"line":25,"column":null}}]},"5":{"loc":{"start":{"line":23,"column":8},"end":{"line":23,"column":24}},"type":"cond-expr","locations":[{"start":{"line":23,"column":15},"end":{"line":23,"column":17}},{"start":{"line":23,"column":8},"end":{"line":23,"column":24}}]},"6":{"loc":{"start":{"line":23,"column":8},"end":{"line":23,"column":17}},"type":"binary-expr","locations":[{"start":{"line":23,"column":8},"end":{"line":23,"column":17}},{"start":{"line":23,"column":8},"end":{"line":23,"column":17}}]},"7":{"loc":{"start":{"line":43,"column":27},"end":{"line":43,"column":43}},"type":"cond-expr","locations":[{"start":{"line":43,"column":34},"end":{"line":43,"column":36}},{"start":{"line":43,"column":27},"end":{"line":43,"column":43}}]},"8":{"loc":{"start":{"line":43,"column":27},"end":{"line":43,"column":36}},"type":"binary-expr","locations":[{"start":{"line":43,"column":27},"end":{"line":43,"column":36}},{"start":{"line":43,"column":27},"end":{"line":43,"column":36}}]},"9":{"loc":{"start":{"line":47,"column":14},"end":{"line":47,"column":66}},"type":"binary-expr","locations":[{"start":{"line":47,"column":14},"end":{"line":47,"column":28}},{"start":{"line":47,"column":32},"end":{"line":47,"column":66}}]},"10":{"loc":{"start":{"line":47,"column":14},"end":{"line":47,"column":28}},"type":"cond-expr","locations":[{"start":{"line":47,"column":19},"end":{"line":47,"column":21}},{"start":{"line":47,"column":14},"end":{"line":47,"column":28}}]},"11":{"loc":{"start":{"line":47,"column":14},"end":{"line":47,"column":21}},"type":"binary-expr","locations":[{"start":{"line":47,"column":14},"end":{"line":47,"column":21}},{"start":{"line":47,"column":14},"end":{"line":47,"column":21}}]}},"s":{"0":1,"1":1,"2":1,"3":1,"4":1,"5":1,"6":1,"7":4,"8":4,"9":4,"10":2,"11":2,"12":2,"13":2,"14":0,"15":2,"16":2,"17":2,"18":1,"19":1,"20":1,"21":1},"f":{"0":4,"1":2},"b":{"0":[0,2],"1":[2,2],"2":[0,2],"3":[2,2],"4":[0],"5":[0,2],"6":[2,2],"7":[0,1],"8":[1,1],"9":[1,1],"10":[1,0],"11":[1,1]}}
,"/Users/luisgamarra/WebstormProjects/yape-reto/transaction/src/contexts/antifraud/antifraud.module.ts": {"path":"/Users/luisgamarra/WebstormProjects/yape-reto/transaction/src/contexts/antifraud/antifraud.module.ts","statementMap":{"0":{"start":{"line":1,"column":0},"end":{"line":1,"column":40}},"1":{"start":{"line":2,"column":0},"end":{"line":2,"column":55}},"2":{"start":{"line":3,"column":0},"end":{"line":3,"column":61}},"3":{"start":{"line":4,"column":0},"end":{"line":4,"column":86}},"4":{"start":{"line":12,"column":7},"end":{"line":12,"column":null}},"5":{"start":{"line":12,"column":13},"end":{"line":12,"column":null}},"6":{"start":{"line":12,"column":13},"end":{"line":12,"column":28}}},"fnMap":{},"branchMap":{},"s":{"0":0,"1":0,"2":0,"3":0,"4":0,"5":0,"6":0},"f":{},"b":{}}
,"/Users/luisgamarra/WebstormProjects/yape-reto/transaction/src/contexts/antifraud/antifraud.service.ts": {"path":"/Users/luisgamarra/WebstormProjects/yape-reto/transaction/src/contexts/antifraud/antifraud.service.ts","statementMap":{"0":{"start":{"line":1,"column":0},"end":{"line":1,"column":74}},"1":{"start":{"line":2,"column":0},"end":{"line":2,"column":63}},"2":{"start":{"line":3,"column":0},"end":{"line":3,"column":63}},"3":{"start":{"line":5,"column":0},"end":{"line":5,"column":86}},"4":{"start":{"line":9,"column":7},"end":{"line":46,"column":null}},"5":{"start":{"line":11,"column":12},"end":{"line":11,"column":20}},"6":{"start":{"line":12,"column":12},"end":{"line":12,"column":20}},"7":{"start":{"line":13,"column":21},"end":{"line":13,"column":44}},"8":{"start":{"line":17,"column":4},"end":{"line":44,"column":null}},"9":{"start":{"line":19,"column":23},"end":{"line":19,"column":102}},"10":{"start":{"line":21,"column":6},"end":{"line":30,"column":8}},"11":{"start":{"line":31,"column":6},"end":{"line":31,"column":22}},"12":{"start":{"line":33,"column":6},"end":{"line":42,"column":8}},"13":{"start":{"line":43,"column":6},"end":{"line":43,"column":60}},"14":{"start":{"line":9,"column":13},"end":{"line":46,"column":null}},"15":{"start":{"line":9,"column":13},"end":{"line":9,"column":29}}},"fnMap":{"0":{"name":"(anonymous_2)","decl":{"start":{"line":10,"column":2},"end":{"line":10,"column":null}},"loc":{"start":{"line":13,"column":65},"end":{"line":14,"column":6}}},"1":{"name":"(anonymous_3)","decl":{"start":{"line":15,"column":2},"end":{"line":15,"column":7}},"loc":{"start":{"line":15,"column":56},"end":{"line":45,"column":3}}}},"branchMap":{},"s":{"0":2,"1":2,"2":2,"3":2,"4":2,"5":4,"6":4,"7":4,"8":1,"9":1,"10":1,"11":1,"12":0,"13":0,"14":2,"15":2},"f":{"0":4,"1":1},"b":{}}
,"/Users/luisgamarra/WebstormProjects/yape-reto/transaction/src/contexts/transaction/transaction.builder.ts": {"path":"/Users/luisgamarra/WebstormProjects/yape-reto/transaction/src/contexts/transaction/transaction.builder.ts","statementMap":{"0":{"start":{"line":3,"column":34},"end":{"line":14,"column":2}},"1":{"start":{"line":3,"column":58},"end":{"line":14,"column":2}},"2":{"start":{"line":3,"column":13},"end":{"line":3,"column":34}}},"fnMap":{"0":{"name":"(anonymous_0)","decl":{"start":{"line":3,"column":34},"end":{"line":3,"column":35}},"loc":{"start":{"line":3,"column":58},"end":{"line":14,"column":2}}}},"branchMap":{},"s":{"0":2,"1":1,"2":2},"f":{"0":1},"b":{}}
,"/Users/luisgamarra/WebstormProjects/yape-reto/transaction/src/contexts/transaction/transaction.controller.ts": {"path":"/Users/luisgamarra/WebstormProjects/yape-reto/transaction/src/contexts/transaction/transaction.controller.ts","statementMap":{"0":{"start":{"line":1,"column":0},"end":{"line":1,"column":83}},"1":{"start":{"line":2,"column":0},"end":{"line":2,"column":72}},"2":{"start":{"line":3,"column":0},"end":{"line":3,"column":65}},"3":{"start":{"line":4,"column":0},"end":{"line":4,"column":55}},"4":{"start":{"line":5,"column":0},"end":{"line":5,"column":59}},"5":{"start":{"line":6,"column":0},"end":{"line":6,"column":63}},"6":{"start":{"line":7,"column":0},"end":{"line":7,"column":63}},"7":{"start":{"line":8,"column":0},"end":{"line":8,"column":47}},"8":{"start":{"line":9,"column":0},"end":{"line":9,"column":64}},"9":{"start":{"line":12,"column":7},"end":{"line":55,"column":null}},"10":{"start":{"line":14,"column":12},"end":{"line":14,"column":32}},"11":{"start":{"line":15,"column":12},"end":{"line":15,"column":20}},"12":{"start":{"line":16,"column":12},"end":{"line":16,"column":20}},"13":{"start":{"line":25,"column":4},"end":{"line":34,"column":6}},"14":{"start":{"line":35,"column":4},"end":{"line":35,"column":57}},"15":{"start":{"line":44,"column":4},"end":{"line":52,"column":6}},"16":{"start":{"line":53,"column":4},"end":{"line":53,"column":49}},"17":{"start":{"line":19,"column":2},"end":{"line":36,"column":null}},"18":{"start":{"line":38,"column":2},"end":{"line":54,"column":null}},"19":{"start":{"line":12,"column":13},"end":{"line":55,"column":null}},"20":{"start":{"line":12,"column":13},"end":{"line":12,"column":34}}},"fnMap":{"0":{"name":"(anonymous_4)","decl":{"start":{"line":13,"column":2},"end":{"line":13,"column":null}},"loc":{"start":{"line":16,"column":33},"end":{"line":17,"column":6}}},"1":{"name":"(anonymous_5)","decl":{"start":{"line":21,"column":2},"end":{"line":21,"column":8}},"loc":{"start":{"line":23,"column":85},"end":{"line":36,"column":3}}},"2":{"name":"(anonymous_6)","decl":{"start":{"line":39,"column":2},"end":{"line":39,"column":6}},"loc":{"start":{"line":42,"column":14},"end":{"line":54,"column":3}}}},"branchMap":{},"s":{"0":1,"1":1,"2":1,"3":1,"4":1,"5":1,"6":1,"7":1,"8":1,"9":1,"10":5,"11":5,"12":5,"13":2,"14":2,"15":1,"16":1,"17":1,"18":1,"19":1,"20":1},"f":{"0":5,"1":2,"2":1},"b":{}}
,"/Users/luisgamarra/WebstormProjects/yape-reto/transaction/src/contexts/transaction/transaction.module.ts": {"path":"/Users/luisgamarra/WebstormProjects/yape-reto/transaction/src/contexts/transaction/transaction.module.ts","statementMap":{"0":{"start":{"line":1,"column":0},"end":{"line":1,"column":40}},"1":{"start":{"line":2,"column":0},"end":{"line":2,"column":59}},"2":{"start":{"line":3,"column":0},"end":{"line":3,"column":62}},"3":{"start":{"line":4,"column":0},"end":{"line":4,"column":65}},"4":{"start":{"line":5,"column":0},"end":{"line":5,"column":86}},"5":{"start":{"line":13,"column":7},"end":{"line":13,"column":null}},"6":{"start":{"line":13,"column":13},"end":{"line":13,"column":null}},"7":{"start":{"line":13,"column":13},"end":{"line":13,"column":30}}},"fnMap":{},"branchMap":{},"s":{"0":0,"1":0,"2":0,"3":0,"4":0,"5":0,"6":0,"7":0},"f":{},"b":{}}
,"/Users/luisgamarra/WebstormProjects/yape-reto/transaction/src/contexts/transaction/transaction.repository.ts": {"path":"/Users/luisgamarra/WebstormProjects/yape-reto/transaction/src/contexts/transaction/transaction.repository.ts","statementMap":{"0":{"start":{"line":1,"column":0},"end":{"line":1,"column":44}},"1":{"start":{"line":2,"column":0},"end":{"line":2,"column":51}},"2":{"start":{"line":3,"column":0},"end":{"line":3,"column":37}},"3":{"start":{"line":4,"column":0},"end":{"line":4,"column":81}},"4":{"start":{"line":7,"column":7},"end":{"line":63,"column":null}},"5":{"start":{"line":10,"column":12},"end":{"line":10,"column":24}},"6":{"start":{"line":14,"column":24},"end":{"line":14,"column":59}},"7":{"start":{"line":15,"column":4},"end":{"line":15,"column":32}},"8":{"start":{"line":16,"column":4},"end":{"line":16,"column":41}},"9":{"start":{"line":17,"column":4},"end":{"line":28,"column":null}},"10":{"start":{"line":18,"column":30},"end":{"line":18,"column":73}},"11":{"start":{"line":19,"column":6},"end":{"line":19,"column":44}},"12":{"start":{"line":20,"column":6},"end":{"line":20,"column":29}},"13":{"start":{"line":23,"column":6},"end":{"line":23,"column":46}},"14":{"start":{"line":24,"column":6},"end":{"line":24,"column":16}},"15":{"start":{"line":27,"column":6},"end":{"line":27,"column":34}},"16":{"start":{"line":32,"column":24},"end":{"line":32,"column":59}},"17":{"start":{"line":33,"column":4},"end":{"line":33,"column":32}},"18":{"start":{"line":34,"column":4},"end":{"line":34,"column":41}},"19":{"start":{"line":35,"column":4},"end":{"line":47,"column":null}},"20":{"start":{"line":36,"column":30},"end":{"line":37,"column":90}},"21":{"start":{"line":38,"column":6},"end":{"line":38,"column":44}},"22":{"start":{"line":39,"column":6},"end":{"line":39,"column":29}},"23":{"start":{"line":42,"column":6},"end":{"line":42,"column":46}},"24":{"start":{"line":43,"column":6},"end":{"line":43,"column":16}},"25":{"start":{"line":46,"column":6},"end":{"line":46,"column":34}},"26":{"start":{"line":51,"column":24},"end":{"line":51,"column":59}},"27":{"start":{"line":52,"column":4},"end":{"line":52,"column":32}},"28":{"start":{"line":53,"column":4},"end":{"line":53,"column":41}},"29":{"start":{"line":54,"column":4},"end":{"line":61,"column":null}},"30":{"start":{"line":55,"column":6},"end":{"line":56,"column":64}},"31":{"start":{"line":58,"column":6},"end":{"line":58,"column":16}},"32":{"start":{"line":60,"column":6},"end":{"line":60,"column":34}},"33":{"start":{"line":7,"column":13},"end":{"line":63,"column":null}},"34":{"start":{"line":7,"column":13},"end":{"line":7,"column":34}}},"fnMap":{"0":{"name":"(anonymous_4)","decl":{"start":{"line":8,"column":2},"end":{"line":8,"column":null}},"loc":{"start":{"line":10,"column":34},"end":{"line":11,"column":6}}},"1":{"name":"(anonymous_5)","decl":{"start":{"line":13,"column":2},"end":{"line":13,"column":7}},"loc":{"start":{"line":13,"column":43},"end":{"line":29,"column":3}}},"2":{"name":"(anonymous_6)","decl":{"start":{"line":31,"column":2},"end":{"line":31,"column":7}},"loc":{"start":{"line":31,"column":40},"end":{"line":48,"column":3}}},"3":{"name":"(anonymous_7)","decl":{"start":{"line":50,"column":2},"end":{"line":50,"column":7}},"loc":{"start":{"line":50,"column":19},"end":{"line":62,"column":3}}}},"branchMap":{},"s":{"0":5,"1":5,"2":5,"3":5,"4":5,"5":4,"6":2,"7":2,"8":2,"9":2,"10":2,"11":1,"12":1,"13":1,"14":1,"15":2,"16":1,"17":1,"18":1,"19":1,"20":1,"21":1,"22":1,"23":0,"24":0,"25":1,"26":1,"27":1,"28":1,"29":1,"30":1,"31":0,"32":1,"33":5,"34":5},"f":{"0":4,"1":2,"2":1,"3":1},"b":{}}
,"/Users/luisgamarra/WebstormProjects/yape-reto/transaction/src/contexts/transaction/transaction.service.ts": {"path":"/Users/luisgamarra/WebstormProjects/yape-reto/transaction/src/contexts/transaction/transaction.service.ts","statementMap":{"0":{"start":{"line":1,"column":0},"end":{"line":1,"column":107}},"1":{"start":{"line":2,"column":0},"end":{"line":2,"column":64}},"2":{"start":{"line":3,"column":0},"end":{"line":3,"column":63}},"3":{"start":{"line":4,"column":0},"end":{"line":4,"column":63}},"4":{"start":{"line":7,"column":0},"end":{"line":7,"column":64}},"5":{"start":{"line":8,"column":0},"end":{"line":8,"column":61}},"6":{"start":{"line":9,"column":0},"end":{"line":9,"column":86}},"7":{"start":{"line":10,"column":0},"end":{"line":10,"column":81}},"8":{"start":{"line":11,"column":0},"end":{"line":11,"column":80}},"9":{"start":{"line":12,"column":0},"end":{"line":12,"column":49}},"10":{"start":{"line":15,"column":7},"end":{"line":122,"column":null}},"11":{"start":{"line":17,"column":12},"end":{"line":17,"column":20}},"12":{"start":{"line":18,"column":12},"end":{"line":18,"column":20}},"13":{"start":{"line":19,"column":12},"end":{"line":19,"column":26}},"14":{"start":{"line":20,"column":21},"end":{"line":20,"column":44}},"15":{"start":{"line":23,"column":21},"end":{"line":23,"column":49}},"16":{"start":{"line":24,"column":4},"end":{"line":79,"column":null}},"17":{"start":{"line":26,"column":32},"end":{"line":33,"column":8}},"18":{"start":{"line":35,"column":6},"end":{"line":35,"column":null}},"19":{"start":{"line":37,"column":37},"end":{"line":42,"column":8}},"20":{"start":{"line":43,"column":6},"end":{"line":43,"column":59}},"21":{"start":{"line":45,"column":23},"end":{"line":47,"column":8}},"22":{"start":{"line":49,"column":6},"end":{"line":58,"column":8}},"23":{"start":{"line":59,"column":6},"end":{"line":59,"column":22}},"24":{"start":{"line":61,"column":23},"end":{"line":65,"column":8}},"25":{"start":{"line":66,"column":6},"end":{"line":77,"column":8}},"26":{"start":{"line":78,"column":6},"end":{"line":78,"column":55}},"27":{"start":{"line":83,"column":4},"end":{"line":120,"column":null}},"28":{"start":{"line":85,"column":30},"end":{"line":85,"column":75}},"29":{"start":{"line":87,"column":23},"end":{"line":87,"column":70}},"30":{"start":{"line":87,"column":48},"end":{"line":87,"column":69}},"31":{"start":{"line":89,"column":6},"end":{"line":91,"column":null}},"32":{"start":{"line":90,"column":8},"end":{"line":90,"column":null}},"33":{"start":{"line":93,"column":6},"end":{"line":101,"column":8}},"34":{"start":{"line":102,"column":6},"end":{"line":102,"column":null}},"35":{"start":{"line":105,"column":23},"end":{"line":109,"column":8}},"36":{"start":{"line":110,"column":6},"end":{"line":118,"column":8}},"37":{"start":{"line":119,"column":6},"end":{"line":119,"column":55}},"38":{"start":{"line":15,"column":13},"end":{"line":122,"column":null}},"39":{"start":{"line":15,"column":13},"end":{"line":15,"column":31}}},"fnMap":{"0":{"name":"(anonymous_2)","decl":{"start":{"line":16,"column":2},"end":{"line":16,"column":null}},"loc":{"start":{"line":20,"column":65},"end":{"line":21,"column":6}}},"1":{"name":"(anonymous_3)","decl":{"start":{"line":22,"column":2},"end":{"line":22,"column":7}},"loc":{"start":{"line":22,"column":56},"end":{"line":80,"column":3}}},"2":{"name":"(anonymous_4)","decl":{"start":{"line":82,"column":2},"end":{"line":82,"column":7}},"loc":{"start":{"line":82,"column":28},"end":{"line":121,"column":3}}},"3":{"name":"(anonymous_5)","decl":{"start":{"line":87,"column":43},"end":{"line":87,"column":44}},"loc":{"start":{"line":87,"column":48},"end":{"line":87,"column":69}}}},"branchMap":{"0":{"loc":{"start":{"line":63,"column":11},"end":{"line":63,"column":56}},"type":"binary-expr","locations":[{"start":{"line":63,"column":11},"end":{"line":63,"column":25}},{"start":{"line":63,"column":29},"end":{"line":63,"column":56}}]},"1":{"loc":{"start":{"line":63,"column":11},"end":{"line":63,"column":25}},"type":"cond-expr","locations":[{"start":{"line":63,"column":16},"end":{"line":63,"column":18}},{"start":{"line":63,"column":11},"end":{"line":63,"column":25}}]},"2":{"loc":{"start":{"line":63,"column":11},"end":{"line":63,"column":18}},"type":"binary-expr","locations":[{"start":{"line":63,"column":11},"end":{"line":63,"column":18}},{"start":{"line":63,"column":11},"end":{"line":63,"column":18}}]},"3":{"loc":{"start":{"line":89,"column":6},"end":{"line":91,"column":null}},"type":"if","locations":[{"start":{"line":89,"column":6},"end":{"line":91,"column":null}}]},"4":{"loc":{"start":{"line":107,"column":11},"end":{"line":107,"column":25}},"type":"cond-expr","locations":[{"start":{"line":107,"column":16},"end":{"line":107,"column":18}},{"start":{"line":107,"column":11},"end":{"line":107,"column":25}}]},"5":{"loc":{"start":{"line":107,"column":11},"end":{"line":107,"column":18}},"type":"binary-expr","locations":[{"start":{"line":107,"column":11},"end":{"line":107,"column":18}},{"start":{"line":107,"column":11},"end":{"line":107,"column":18}}]}},"s":{"0":2,"1":2,"2":2,"3":2,"4":2,"5":2,"6":2,"7":2,"8":2,"9":2,"10":2,"11":4,"12":4,"13":4,"14":4,"15":2,"16":2,"17":2,"18":2,"19":2,"20":2,"21":1,"22":1,"23":1,"24":1,"25":1,"26":1,"27":1,"28":1,"29":1,"30":1,"31":1,"32":0,"33":1,"34":1,"35":0,"36":0,"37":0,"38":2,"39":2},"f":{"0":4,"1":2,"2":1,"3":1},"b":{"0":[1,0],"1":[0,1],"2":[1,1],"3":[0],"4":[0,0],"5":[0,0]}}
,"/Users/luisgamarra/WebstormProjects/yape-reto/transaction/src/contexts/transaction/entities/transaction.entity.ts": {"path":"/Users/luisgamarra/WebstormProjects/yape-reto/transaction/src/contexts/transaction/entities/transaction.entity.ts","statementMap":{"0":{"start":{"line":1,"column":0},"end":{"line":1,"column":null}},"1":{"start":{"line":10,"column":7},"end":{"line":39,"column":null}},"2":{"start":{"line":37,"column":4},"end":{"line":37,"column":33}},"3":{"start":{"line":12,"column":2},"end":{"line":13,"column":null}},"4":{"start":{"line":15,"column":2},"end":{"line":16,"column":null}},"5":{"start":{"line":18,"column":2},"end":{"line":19,"column":null}},"6":{"start":{"line":21,"column":2},"end":{"line":22,"column":null}},"7":{"start":{"line":24,"column":2},"end":{"line":25,"column":null}},"8":{"start":{"line":27,"column":2},"end":{"line":28,"column":null}},"9":{"start":{"line":30,"column":2},"end":{"line":31,"column":null}},"10":{"start":{"line":33,"column":2},"end":{"line":34,"column":null}},"11":{"start":{"line":10,"column":13},"end":{"line":39,"column":null}},"12":{"start":{"line":10,"column":13},"end":{"line":10,"column":24}}},"fnMap":{"0":{"name":"(anonymous_2)","decl":{"start":{"line":36,"column":2},"end":{"line":36,"column":14}},"loc":{"start":{"line":36,"column":43},"end":{"line":38,"column":3}}}},"branchMap":{},"s":{"0":5,"1":5,"2":2,"3":5,"4":5,"5":5,"6":5,"7":5,"8":5,"9":5,"10":5,"11":5,"12":5},"f":{"0":2},"b":{}}
,"/Users/luisgamarra/WebstormProjects/yape-reto/transaction/src/contexts/transaction/events/create.transaction.ts": {"path":"/Users/luisgamarra/WebstormProjects/yape-reto/transaction/src/contexts/transaction/events/create.transaction.ts","statementMap":{"0":{"start":{"line":2,"column":0},"end":{"line":2,"column":73}},"1":{"start":{"line":10,"column":4},"end":{"line":10,"column":96}},"2":{"start":{"line":9,"column":24},"end":{"line":9,"column":51}},"3":{"start":{"line":9,"column":63},"end":{"line":9,"column":90}},"4":{"start":{"line":5,"column":11},"end":{"line":5,"column":46}},"5":{"start":{"line":6,"column":11},"end":{"line":6,"column":41}},"6":{"start":{"line":7,"column":11},"end":{"line":7,"column":33}},"7":{"start":{"line":14,"column":4},"end":{"line":14,"column":35}},"8":{"start":{"line":4,"column":0},"end":{"line":4,"column":13}}},"fnMap":{"0":{"name":"(anonymous_0)","decl":{"start":{"line":9,"column":2},"end":{"line":9,"column":24}},"loc":{"start":{"line":9,"column":90},"end":{"line":11,"column":3}}},"1":{"name":"(anonymous_1)","decl":{"start":{"line":13,"column":2},"end":{"line":13,"column":9}},"loc":{"start":{"line":13,"column":9},"end":{"line":15,"column":3}}}},"branchMap":{"0":{"loc":{"start":{"line":10,"column":10},"end":{"line":10,"column":29}},"type":"cond-expr","locations":[{"start":{"line":10,"column":20},"end":{"line":10,"column":22}},{"start":{"line":10,"column":10},"end":{"line":10,"column":29}}]},"1":{"loc":{"start":{"line":10,"column":10},"end":{"line":10,"column":22}},"type":"binary-expr","locations":[{"start":{"line":10,"column":10},"end":{"line":10,"column":22}},{"start":{"line":10,"column":10},"end":{"line":10,"column":22}}]},"2":{"loc":{"start":{"line":10,"column":31},"end":{"line":10,"column":51}},"type":"cond-expr","locations":[{"start":{"line":10,"column":41},"end":{"line":10,"column":43}},{"start":{"line":10,"column":31},"end":{"line":10,"column":51}}]},"3":{"loc":{"start":{"line":10,"column":31},"end":{"line":10,"column":43}},"type":"binary-expr","locations":[{"start":{"line":10,"column":31},"end":{"line":10,"column":43}},{"start":{"line":10,"column":31},"end":{"line":10,"column":43}}]},"4":{"loc":{"start":{"line":10,"column":53},"end":{"line":10,"column":73}},"type":"cond-expr","locations":[{"start":{"line":10,"column":63},"end":{"line":10,"column":65}},{"start":{"line":10,"column":53},"end":{"line":10,"column":73}}]},"5":{"loc":{"start":{"line":10,"column":53},"end":{"line":10,"column":65}},"type":"binary-expr","locations":[{"start":{"line":10,"column":53},"end":{"line":10,"column":65}},{"start":{"line":10,"column":53},"end":{"line":10,"column":65}}]},"6":{"loc":{"start":{"line":10,"column":75},"end":{"line":10,"column":94}},"type":"cond-expr","locations":[{"start":{"line":10,"column":85},"end":{"line":10,"column":87}},{"start":{"line":10,"column":75},"end":{"line":10,"column":94}}]},"7":{"loc":{"start":{"line":10,"column":75},"end":{"line":10,"column":87}},"type":"binary-expr","locations":[{"start":{"line":10,"column":75},"end":{"line":10,"column":87}},{"start":{"line":10,"column":75},"end":{"line":10,"column":87}}]}},"s":{"0":3,"1":4,"2":4,"3":4,"4":4,"5":4,"6":4,"7":2,"8":3},"f":{"0":4,"1":2},"b":{"0":[0,4],"1":[4,4],"2":[0,4],"3":[4,4],"4":[0,4],"5":[4,4],"6":[0,4],"7":[4,4]}}
,"/Users/luisgamarra/WebstormProjects/yape-reto/transaction/src/contexts/transaction/pipe/validation.pipe.ts": {"path":"/Users/luisgamarra/WebstormProjects/yape-reto/transaction/src/contexts/transaction/pipe/validation.pipe.ts","statementMap":{"0":{"start":{"line":1,"column":0},"end":{"line":1,"column":null}},"1":{"start":{"line":11,"column":7},"end":{"line":22,"column":null}},"2":{"start":{"line":12,"column":22},"end":{"line":12,"column":42}},"3":{"start":{"line":15,"column":19},"end":{"line":15,"column":46}},"4":{"start":{"line":16,"column":4},"end":{"line":19,"column":null}},"5":{"start":{"line":17,"column":28},"end":{"line":17,"column":77}},"6":{"start":{"line":17,"column":60},"end":{"line":17,"column":69}},"7":{"start":{"line":18,"column":6},"end":{"line":18,"column":51}},"8":{"start":{"line":20,"column":4},"end":{"line":20,"column":17}},"9":{"start":{"line":11,"column":13},"end":{"line":22,"column":null}},"10":{"start":{"line":11,"column":13},"end":{"line":11,"column":43}}},"fnMap":{"0":{"name":"(anonymous_2)","decl":{"start":{"line":12,"column":2},"end":{"line":12,"column":22}},"loc":{"start":{"line":12,"column":42},"end":{"line":12,"column":46}}},"1":{"name":"(anonymous_3)","decl":{"start":{"line":14,"column":9},"end":{"line":14,"column":18}},"loc":{"start":{"line":14,"column":68},"end":{"line":21,"column":3}}},"2":{"name":"(anonymous_4)","decl":{"start":{"line":17,"column":53},"end":{"line":17,"column":54}},"loc":{"start":{"line":17,"column":60},"end":{"line":17,"column":69}}}},"branchMap":{"0":{"loc":{"start":{"line":16,"column":4},"end":{"line":19,"column":null}},"type":"if","locations":[{"start":{"line":16,"column":4},"end":{"line":19,"column":null}}]}},"s":{"0":1,"1":1,"2":1,"3":0,"4":0,"5":0,"6":0,"7":0,"8":0,"9":1,"10":1},"f":{"0":1,"1":0,"2":0},"b":{"0":[0]}}
}
