TN:
SF:src/contexts/antifraud/antifraud.controller.ts
FN:12,(anonymous_4)
FN:19,(anonymous_5)
FNF:2
FNH:2
FNDA:4,(anonymous_4)
FNDA:2,(anonymous_5)
DA:1,1
DA:2,1
DA:3,1
DA:4,1
DA:5,1
DA:6,1
DA:11,1
DA:13,4
DA:14,4
DA:15,4
DA:19,1
DA:20,2
DA:21,2
DA:22,2
DA:23,2
DA:24,0
DA:26,2
DA:36,2
DA:37,2
DA:39,1
LF:20
LH:19
BRDA:21,0,0,0
BRDA:21,0,1,2
BRDA:21,1,0,2
BRDA:21,1,1,2
BRDA:22,2,0,0
BRDA:22,2,1,2
BRDA:22,3,0,2
BRDA:22,3,1,2
BRDA:23,4,0,0
BRDA:23,5,0,0
BRDA:23,5,1,2
BRDA:23,6,0,2
BRDA:23,6,1,2
BRDA:43,7,0,0
BRDA:43,7,1,1
BRDA:43,8,0,1
BRDA:43,8,1,1
BRDA:47,9,0,1
BRDA:47,9,1,1
BRDA:47,10,0,1
BRDA:47,10,1,0
BRDA:47,11,0,1
BRDA:47,11,1,1
BRF:23
BRH:17
end_of_record
TN:
SF:src/contexts/antifraud/antifraud.module.ts
FNF:0
FNH:0
DA:1,0
DA:2,0
DA:3,0
DA:4,0
DA:12,0
LF:5
LH:0
BRF:0
BRH:0
end_of_record
TN:
SF:src/contexts/antifraud/antifraud.service.ts
FN:10,(anonymous_2)
FN:15,(anonymous_3)
FNF:2
FNH:2
FNDA:4,(anonymous_2)
FNDA:1,(anonymous_3)
DA:1,2
DA:2,2
DA:3,2
DA:5,2
DA:9,2
DA:11,4
DA:12,4
DA:13,4
DA:17,1
DA:19,1
DA:21,1
DA:31,1
DA:33,0
DA:43,0
LF:14
LH:12
BRF:0
BRH:0
end_of_record
TN:
SF:src/contexts/transaction/transaction.builder.ts
FN:3,(anonymous_0)
FNF:1
FNH:1
FNDA:1,(anonymous_0)
DA:3,2
LF:1
LH:1
BRF:0
BRH:0
end_of_record
TN:
SF:src/contexts/transaction/transaction.controller.ts
FN:13,(anonymous_4)
FN:21,(anonymous_5)
FN:39,(anonymous_6)
FNF:3
FNH:3
FNDA:5,(anonymous_4)
FNDA:2,(anonymous_5)
FNDA:1,(anonymous_6)
DA:1,1
DA:2,1
DA:3,1
DA:4,1
DA:5,1
DA:6,1
DA:7,1
DA:8,1
DA:9,1
DA:12,1
DA:14,5
DA:15,5
DA:16,5
DA:19,1
DA:25,2
DA:35,2
DA:38,1
DA:44,1
DA:53,1
LF:19
LH:19
BRF:0
BRH:0
end_of_record
TN:
SF:src/contexts/transaction/transaction.module.ts
FNF:0
FNH:0
DA:1,0
DA:2,0
DA:3,0
DA:4,0
DA:5,0
DA:13,0
LF:6
LH:0
BRF:0
BRH:0
end_of_record
TN:
SF:src/contexts/transaction/transaction.repository.ts
FN:8,(anonymous_4)
FN:13,(anonymous_5)
FN:31,(anonymous_6)
FN:50,(anonymous_7)
FNF:4
FNH:4
FNDA:4,(anonymous_4)
FNDA:2,(anonymous_5)
FNDA:1,(anonymous_6)
FNDA:1,(anonymous_7)
DA:1,5
DA:2,5
DA:3,5
DA:4,5
DA:7,5
DA:10,4
DA:14,2
DA:15,2
DA:16,2
DA:17,2
DA:18,2
DA:19,1
DA:20,1
DA:23,1
DA:24,1
DA:27,2
DA:32,1
DA:33,1
DA:34,1
DA:35,1
DA:36,1
DA:38,1
DA:39,1
DA:42,0
DA:43,0
DA:46,1
DA:51,1
DA:52,1
DA:53,1
DA:54,1
DA:55,1
DA:58,0
DA:60,1
LF:33
LH:30
BRF:0
BRH:0
end_of_record
TN:
SF:src/contexts/transaction/transaction.service.ts
FN:16,(anonymous_2)
FN:22,(anonymous_3)
FN:82,(anonymous_4)
FN:87,(anonymous_5)
FNF:4
FNH:4
FNDA:4,(anonymous_2)
FNDA:2,(anonymous_3)
FNDA:1,(anonymous_4)
FNDA:1,(anonymous_5)
DA:1,2
DA:2,2
DA:3,2
DA:4,2
DA:7,2
DA:8,2
DA:9,2
DA:10,2
DA:11,2
DA:12,2
DA:15,2
DA:17,4
DA:18,4
DA:19,4
DA:20,4
DA:23,2
DA:24,2
DA:26,2
DA:35,2
DA:37,2
DA:43,2
DA:45,1
DA:49,1
DA:59,1
DA:61,1
DA:66,1
DA:78,1
DA:83,1
DA:85,1
DA:87,1
DA:89,1
DA:90,0
DA:93,1
DA:102,1
DA:105,0
DA:110,0
DA:119,0
LF:37
LH:33
BRDA:63,0,0,1
BRDA:63,0,1,0
BRDA:63,1,0,0
BRDA:63,1,1,1
BRDA:63,2,0,1
BRDA:63,2,1,1
BRDA:89,3,0,0
BRDA:107,4,0,0
BRDA:107,4,1,0
BRDA:107,5,0,0
BRDA:107,5,1,0
BRF:11
BRH:4
end_of_record
TN:
SF:src/contexts/transaction/entities/transaction.entity.ts
FN:36,(anonymous_2)
FNF:1
FNH:1
FNDA:2,(anonymous_2)
DA:1,5
DA:10,5
DA:12,5
DA:15,5
DA:18,5
DA:21,5
DA:24,5
DA:27,5
DA:30,5
DA:33,5
DA:37,2
LF:11
LH:11
BRF:0
BRH:0
end_of_record
TN:
SF:src/contexts/transaction/events/create.transaction.ts
FN:9,(anonymous_0)
FN:13,(anonymous_1)
FNF:2
FNH:2
FNDA:4,(anonymous_0)
FNDA:2,(anonymous_1)
DA:2,3
DA:4,3
DA:5,4
DA:6,4
DA:7,4
DA:9,4
DA:10,4
DA:14,2
LF:8
LH:8
BRDA:10,0,0,0
BRDA:10,0,1,4
BRDA:10,1,0,4
BRDA:10,1,1,4
BRDA:10,2,0,0
BRDA:10,2,1,4
BRDA:10,3,0,4
BRDA:10,3,1,4
BRDA:10,4,0,0
BRDA:10,4,1,4
BRDA:10,5,0,4
BRDA:10,5,1,4
BRDA:10,6,0,0
BRDA:10,6,1,4
BRDA:10,7,0,4
BRDA:10,7,1,4
BRF:16
BRH:12
end_of_record
TN:
SF:src/contexts/transaction/pipe/validation.pipe.ts
FN:12,(anonymous_2)
FN:14,(anonymous_3)
FN:17,(anonymous_4)
FNF:3
FNH:1
FNDA:1,(anonymous_2)
FNDA:0,(anonymous_3)
FNDA:0,(anonymous_4)
DA:1,1
DA:11,1
DA:12,1
DA:15,0
DA:16,0
DA:17,0
DA:18,0
DA:20,0
LF:8
LH:3
BRDA:16,0,0,0
BRF:1
BRH:0
end_of_record
