<?xml version="1.0" encoding="UTF-8"?>
<testsuites name="jest tests" tests="2" failures="0" errors="0" time="13.946">
  <testsuite name="AntiFraudValidationController" errors="0" failures="0" skipped="0" timestamp="2023-08-22T18:05:40" time="13.616" tests="2">
    <testcase classname="AntiFraudValidationController should be defined" name="AntiFraudValidationController should be defined" time="1.144">
    </testcase>
    <testcase classname="AntiFraudValidationController handleEventValidateTransaction should execute GetAntiFraudValidationEventCommand" name="AntiFraudValidationController handleEventValidateTransaction should execute GetAntiFraudValidationEventCommand" time="0.395">
    </testcase>
  </testsuite>
</testsuites>