<?xml version="1.0" encoding="UTF-8"?>
<coverage generated="1682270298283" clover="3.2.0">
  <project timestamp="1682270298283" name="All files">
    <metrics statements="51" coveredstatements="42" conditionals="51" coveredconditionals="33" methods="6" coveredmethods="6" elements="108" coveredelements="81" complexity="0" loc="51" ncloc="51" packages="2" files="4" classes="4"/>
    <package name="antifraud">
      <metrics statements="44" coveredstatements="35" conditionals="31" coveredconditionals="18" methods="4" coveredmethods="4"/>
      <file name="antifraud.controller.ts" path="/Users/luisgamarra/WebstormProjects/yape-reto/anti-fraud/src/contexts/antifraud/antifraud.controller.ts">
        <metrics statements="20" coveredstatements="19" conditionals="23" coveredconditionals="17" methods="2" coveredmethods="2"/>
        <line num="1" count="1" type="stmt"/>
        <line num="3" count="1" type="stmt"/>
        <line num="4" count="1" type="stmt"/>
        <line num="5" count="1" type="stmt"/>
        <line num="7" count="1" type="stmt"/>
        <line num="8" count="1" type="stmt"/>
        <line num="11" count="1" type="stmt"/>
        <line num="13" count="4" type="stmt"/>
        <line num="14" count="4" type="stmt"/>
        <line num="15" count="4" type="stmt"/>
        <line num="19" count="1" type="stmt"/>
        <line num="20" count="2" type="stmt"/>
        <line num="21" count="2" type="cond" truecount="3" falsecount="1"/>
        <line num="22" count="2" type="cond" truecount="3" falsecount="1"/>
        <line num="23" count="2" type="cond" truecount="3" falsecount="2"/>
        <line num="24" count="0" type="stmt"/>
        <line num="26" count="2" type="stmt"/>
        <line num="37" count="2" type="stmt"/>
        <line num="38" count="2" type="stmt"/>
        <line num="40" count="1" type="stmt"/>
      </file>
      <file name="antifraud.module.ts" path="/Users/luisgamarra/WebstormProjects/yape-reto/anti-fraud/src/contexts/antifraud/antifraud.module.ts">
        <metrics statements="5" coveredstatements="0" conditionals="0" coveredconditionals="0" methods="0" coveredmethods="0"/>
        <line num="1" count="0" type="stmt"/>
        <line num="2" count="0" type="stmt"/>
        <line num="3" count="0" type="stmt"/>
        <line num="4" count="0" type="stmt"/>
        <line num="12" count="0" type="stmt"/>
      </file>
      <file name="antifraud.service.ts" path="/Users/luisgamarra/WebstormProjects/yape-reto/anti-fraud/src/contexts/antifraud/antifraud.service.ts">
        <metrics statements="19" coveredstatements="16" conditionals="8" coveredconditionals="1" methods="2" coveredmethods="2"/>
        <line num="1" count="2" type="stmt"/>
        <line num="2" count="2" type="stmt"/>
        <line num="3" count="2" type="stmt"/>
        <line num="4" count="2" type="stmt"/>
        <line num="7" count="2" type="stmt"/>
        <line num="8" count="2" type="stmt"/>
        <line num="11" count="2" type="stmt"/>
        <line num="13" count="5" type="stmt"/>
        <line num="14" count="5" type="stmt"/>
        <line num="15" count="5" type="stmt"/>
        <line num="19" count="2" type="stmt"/>
        <line num="21" count="2" type="stmt"/>
        <line num="28" count="2" type="stmt"/>
        <line num="30" count="2" type="stmt"/>
        <line num="34" count="2" type="stmt"/>
        <line num="44" count="2" type="stmt"/>
        <line num="46" count="0" type="stmt"/>
        <line num="51" count="0" type="stmt"/>
        <line num="63" count="0" type="stmt"/>
      </file>
    </package>
    <package name="antifraud.events">
      <metrics statements="7" coveredstatements="7" conditionals="20" coveredconditionals="15" methods="2" coveredmethods="2"/>
      <file name="create.antiFraud.ts" path="/Users/luisgamarra/WebstormProjects/yape-reto/anti-fraud/src/contexts/antifraud/events/create.antiFraud.ts">
        <metrics statements="7" coveredstatements="7" conditionals="20" coveredconditionals="15" methods="2" coveredmethods="2"/>
        <line num="2" count="3" type="stmt"/>
        <line num="4" count="3" type="stmt"/>
        <line num="5" count="5" type="stmt"/>
        <line num="6" count="5" type="stmt"/>
        <line num="8" count="5" type="stmt"/>
        <line num="9" count="5" type="cond" truecount="15" falsecount="5"/>
        <line num="13" count="5" type="stmt"/>
      </file>
    </package>
  </project>
</coverage>
