{"/Users/luisgamarra/WebstormProjects/yape-reto/anti-fraud/src/contexts/antifraud/antifraud.controller.ts": {"path":"/Users/luisgamarra/WebstormProjects/yape-reto/anti-fraud/src/contexts/antifraud/antifraud.controller.ts","statementMap":{"0":{"start":{"line":1,"column":0},"end":{"line":1,"column":66}},"1":{"start":{"line":3,"column":0},"end":{"line":3,"column":55}},"2":{"start":{"line":4,"column":0},"end":{"line":4,"column":67}},"3":{"start":{"line":5,"column":0},"end":{"line":5,"column":67}},"4":{"start":{"line":7,"column":0},"end":{"line":7,"column":58}},"5":{"start":{"line":8,"column":0},"end":{"line":8,"column":63}},"6":{"start":{"line":11,"column":7},"end":{"line":52,"column":null}},"7":{"start":{"line":13,"column":12},"end":{"line":13,"column":30}},"8":{"start":{"line":14,"column":12},"end":{"line":14,"column":20}},"9":{"start":{"line":15,"column":12},"end":{"line":15,"column":20}},"10":{"start":{"line":20,"column":28},"end":{"line":20,"column":48}},"11":{"start":{"line":21,"column":20},"end":{"line":21,"column":69}},"12":{"start":{"line":22,"column":18},"end":{"line":22,"column":69}},"13":{"start":{"line":23,"column":4},"end":{"line":25,"column":null}},"14":{"start":{"line":24,"column":6},"end":{"line":24,"column":44}},"15":{"start":{"line":26,"column":4},"end":{"line":35,"column":6}},"16":{"start":{"line":37,"column":4},"end":{"line":50,"column":null}},"17":{"start":{"line":38,"column":7},"end":{"line":38,"column":58}},"18":{"start":{"line":40,"column":6},"end":{"line":49,"column":10}},"19":{"start":{"line":19,"column":8},"end":{"line":51,"column":null}},"20":{"start":{"line":11,"column":13},"end":{"line":52,"column":null}},"21":{"start":{"line":11,"column":13},"end":{"line":11,"column":32}}},"fnMap":{"0":{"name":"(anonymous_4)","decl":{"start":{"line":12,"column":2},"end":{"line":12,"column":null}},"loc":{"start":{"line":15,"column":33},"end":{"line":16,"column":6}}},"1":{"name":"(anonymous_5)","decl":{"start":{"line":19,"column":2},"end":{"line":19,"column":7}},"loc":{"start":{"line":19,"column":41},"end":{"line":51,"column":3}}}},"branchMap":{"0":{"loc":{"start":{"line":21,"column":20},"end":{"line":21,"column":69}},"type":"cond-expr","locations":[{"start":{"line":21,"column":35},"end":{"line":21,"column":37}},{"start":{"line":21,"column":20},"end":{"line":21,"column":69}}]},"1":{"loc":{"start":{"line":21,"column":20},"end":{"line":21,"column":37}},"type":"binary-expr","locations":[{"start":{"line":21,"column":20},"end":{"line":21,"column":37}},{"start":{"line":21,"column":20},"end":{"line":21,"column":37}}]},"2":{"loc":{"start":{"line":22,"column":18},"end":{"line":22,"column":69}},"type":"cond-expr","locations":[{"start":{"line":22,"column":33},"end":{"line":22,"column":35}},{"start":{"line":22,"column":18},"end":{"line":22,"column":69}}]},"3":{"loc":{"start":{"line":22,"column":18},"end":{"line":22,"column":35}},"type":"binary-expr","locations":[{"start":{"line":22,"column":18},"end":{"line":22,"column":35}},{"start":{"line":22,"column":18},"end":{"line":22,"column":35}}]},"4":{"loc":{"start":{"line":23,"column":4},"end":{"line":25,"column":null}},"type":"if","locations":[{"start":{"line":23,"column":4},"end":{"line":25,"column":null}}]},"5":{"loc":{"start":{"line":23,"column":8},"end":{"line":23,"column":24}},"type":"cond-expr","locations":[{"start":{"line":23,"column":15},"end":{"line":23,"column":17}},{"start":{"line":23,"column":8},"end":{"line":23,"column":24}}]},"6":{"loc":{"start":{"line":23,"column":8},"end":{"line":23,"column":17}},"type":"binary-expr","locations":[{"start":{"line":23,"column":8},"end":{"line":23,"column":17}},{"start":{"line":23,"column":8},"end":{"line":23,"column":17}}]},"7":{"loc":{"start":{"line":44,"column":21},"end":{"line":44,"column":37}},"type":"cond-expr","locations":[{"start":{"line":44,"column":28},"end":{"line":44,"column":30}},{"start":{"line":44,"column":21},"end":{"line":44,"column":37}}]},"8":{"loc":{"start":{"line":44,"column":21},"end":{"line":44,"column":30}},"type":"binary-expr","locations":[{"start":{"line":44,"column":21},"end":{"line":44,"column":30}},{"start":{"line":44,"column":21},"end":{"line":44,"column":30}}]},"9":{"loc":{"start":{"line":48,"column":9},"end":{"line":48,"column":61}},"type":"binary-expr","locations":[{"start":{"line":48,"column":9},"end":{"line":48,"column":23}},{"start":{"line":48,"column":27},"end":{"line":48,"column":61}}]},"10":{"loc":{"start":{"line":48,"column":9},"end":{"line":48,"column":23}},"type":"cond-expr","locations":[{"start":{"line":48,"column":14},"end":{"line":48,"column":16}},{"start":{"line":48,"column":9},"end":{"line":48,"column":23}}]},"11":{"loc":{"start":{"line":48,"column":9},"end":{"line":48,"column":16}},"type":"binary-expr","locations":[{"start":{"line":48,"column":9},"end":{"line":48,"column":16}},{"start":{"line":48,"column":9},"end":{"line":48,"column":16}}]}},"s":{"0":1,"1":1,"2":1,"3":1,"4":1,"5":1,"6":1,"7":4,"8":4,"9":4,"10":2,"11":2,"12":2,"13":2,"14":0,"15":2,"16":2,"17":2,"18":1,"19":1,"20":1,"21":1},"f":{"0":4,"1":2},"b":{"0":[0,2],"1":[2,2],"2":[0,2],"3":[2,2],"4":[0],"5":[0,2],"6":[2,2],"7":[0,1],"8":[1,1],"9":[1,1],"10":[1,0],"11":[1,1]}}
,"/Users/luisgamarra/WebstormProjects/yape-reto/anti-fraud/src/contexts/antifraud/antifraud.module.ts": {"path":"/Users/luisgamarra/WebstormProjects/yape-reto/anti-fraud/src/contexts/antifraud/antifraud.module.ts","statementMap":{"0":{"start":{"line":1,"column":0},"end":{"line":1,"column":40}},"1":{"start":{"line":2,"column":0},"end":{"line":2,"column":55}},"2":{"start":{"line":3,"column":0},"end":{"line":3,"column":66}},"3":{"start":{"line":4,"column":0},"end":{"line":4,"column":61}},"4":{"start":{"line":12,"column":7},"end":{"line":12,"column":null}},"5":{"start":{"line":12,"column":13},"end":{"line":12,"column":null}},"6":{"start":{"line":12,"column":13},"end":{"line":12,"column":28}}},"fnMap":{},"branchMap":{},"s":{"0":0,"1":0,"2":0,"3":0,"4":0,"5":0,"6":0},"f":{},"b":{}}
,"/Users/luisgamarra/WebstormProjects/yape-reto/anti-fraud/src/contexts/antifraud/antifraud.service.ts": {"path":"/Users/luisgamarra/WebstormProjects/yape-reto/anti-fraud/src/contexts/antifraud/antifraud.service.ts","statementMap":{"0":{"start":{"line":1,"column":0},"end":{"line":1,"column":74}},"1":{"start":{"line":2,"column":0},"end":{"line":2,"column":68}},"2":{"start":{"line":3,"column":0},"end":{"line":3,"column":67}},"3":{"start":{"line":4,"column":0},"end":{"line":4,"column":67}},"4":{"start":{"line":7,"column":0},"end":{"line":7,"column":60}},"5":{"start":{"line":8,"column":0},"end":{"line":8,"column":65}},"6":{"start":{"line":11,"column":7},"end":{"line":66,"column":null}},"7":{"start":{"line":13,"column":12},"end":{"line":13,"column":20}},"8":{"start":{"line":14,"column":12},"end":{"line":14,"column":20}},"9":{"start":{"line":15,"column":12},"end":{"line":15,"column":26}},"10":{"start":{"line":19,"column":4},"end":{"line":64,"column":null}},"11":{"start":{"line":21,"column":31},"end":{"line":27,"column":8}},"12":{"start":{"line":28,"column":6},"end":{"line":28,"column":54}},"13":{"start":{"line":30,"column":23},"end":{"line":32,"column":8}},"14":{"start":{"line":34,"column":6},"end":{"line":43,"column":8}},"15":{"start":{"line":44,"column":6},"end":{"line":44,"column":22}},"16":{"start":{"line":46,"column":23},"end":{"line":50,"column":8}},"17":{"start":{"line":51,"column":6},"end":{"line":62,"column":8}},"18":{"start":{"line":63,"column":6},"end":{"line":63,"column":55}},"19":{"start":{"line":11,"column":13},"end":{"line":66,"column":null}},"20":{"start":{"line":11,"column":13},"end":{"line":11,"column":29}}},"fnMap":{"0":{"name":"(anonymous_2)","decl":{"start":{"line":12,"column":2},"end":{"line":12,"column":null}},"loc":{"start":{"line":15,"column":38},"end":{"line":16,"column":6}}},"1":{"name":"(anonymous_3)","decl":{"start":{"line":17,"column":2},"end":{"line":17,"column":7}},"loc":{"start":{"line":17,"column":56},"end":{"line":65,"column":3}}}},"branchMap":{"0":{"loc":{"start":{"line":25,"column":19},"end":{"line":25,"column":63}},"type":"cond-expr","locations":[{"start":{"line":25,"column":40},"end":{"line":25,"column":50}},{"start":{"line":25,"column":53},"end":{"line":25,"column":63}}]},"1":{"loc":{"start":{"line":48,"column":11},"end":{"line":48,"column":56}},"type":"binary-expr","locations":[{"start":{"line":48,"column":11},"end":{"line":48,"column":25}},{"start":{"line":48,"column":29},"end":{"line":48,"column":56}}]},"2":{"loc":{"start":{"line":48,"column":11},"end":{"line":48,"column":25}},"type":"cond-expr","locations":[{"start":{"line":48,"column":16},"end":{"line":48,"column":18}},{"start":{"line":48,"column":11},"end":{"line":48,"column":25}}]},"3":{"loc":{"start":{"line":48,"column":11},"end":{"line":48,"column":18}},"type":"binary-expr","locations":[{"start":{"line":48,"column":11},"end":{"line":48,"column":18}},{"start":{"line":48,"column":11},"end":{"line":48,"column":18}}]}},"s":{"0":2,"1":2,"2":2,"3":2,"4":2,"5":2,"6":2,"7":5,"8":5,"9":5,"10":2,"11":2,"12":2,"13":2,"14":2,"15":2,"16":0,"17":0,"18":0,"19":2,"20":2},"f":{"0":5,"1":2},"b":{"0":[0,2],"1":[0,0],"2":[0,0],"3":[0,0]}}
,"/Users/luisgamarra/WebstormProjects/yape-reto/anti-fraud/src/contexts/antifraud/events/create.antiFraud.ts": {"path":"/Users/luisgamarra/WebstormProjects/yape-reto/anti-fraud/src/contexts/antifraud/events/create.antiFraud.ts","statementMap":{"0":{"start":{"line":2,"column":0},"end":{"line":2,"column":80}},"1":{"start":{"line":9,"column":4},"end":{"line":9,"column":119}},"2":{"start":{"line":8,"column":24},"end":{"line":8,"column":51}},"3":{"start":{"line":8,"column":63},"end":{"line":8,"column":90}},"4":{"start":{"line":5,"column":11},"end":{"line":5,"column":44}},"5":{"start":{"line":6,"column":11},"end":{"line":6,"column":44}},"6":{"start":{"line":13,"column":4},"end":{"line":13,"column":35}},"7":{"start":{"line":4,"column":0},"end":{"line":4,"column":13}}},"fnMap":{"0":{"name":"(anonymous_0)","decl":{"start":{"line":8,"column":2},"end":{"line":8,"column":24}},"loc":{"start":{"line":8,"column":90},"end":{"line":10,"column":3}}},"1":{"name":"(anonymous_1)","decl":{"start":{"line":12,"column":2},"end":{"line":12,"column":9}},"loc":{"start":{"line":12,"column":9},"end":{"line":14,"column":3}}}},"branchMap":{"0":{"loc":{"start":{"line":9,"column":10},"end":{"line":9,"column":29}},"type":"cond-expr","locations":[{"start":{"line":9,"column":20},"end":{"line":9,"column":22}},{"start":{"line":9,"column":10},"end":{"line":9,"column":29}}]},"1":{"loc":{"start":{"line":9,"column":10},"end":{"line":9,"column":22}},"type":"binary-expr","locations":[{"start":{"line":9,"column":10},"end":{"line":9,"column":22}},{"start":{"line":9,"column":10},"end":{"line":9,"column":22}}]},"2":{"loc":{"start":{"line":9,"column":31},"end":{"line":9,"column":51}},"type":"cond-expr","locations":[{"start":{"line":9,"column":41},"end":{"line":9,"column":43}},{"start":{"line":9,"column":31},"end":{"line":9,"column":51}}]},"3":{"loc":{"start":{"line":9,"column":31},"end":{"line":9,"column":43}},"type":"binary-expr","locations":[{"start":{"line":9,"column":31},"end":{"line":9,"column":43}},{"start":{"line":9,"column":31},"end":{"line":9,"column":43}}]},"4":{"loc":{"start":{"line":9,"column":53},"end":{"line":9,"column":73}},"type":"cond-expr","locations":[{"start":{"line":9,"column":63},"end":{"line":9,"column":65}},{"start":{"line":9,"column":53},"end":{"line":9,"column":73}}]},"5":{"loc":{"start":{"line":9,"column":53},"end":{"line":9,"column":65}},"type":"binary-expr","locations":[{"start":{"line":9,"column":53},"end":{"line":9,"column":65}},{"start":{"line":9,"column":53},"end":{"line":9,"column":65}}]},"6":{"loc":{"start":{"line":9,"column":75},"end":{"line":9,"column":96}},"type":"cond-expr","locations":[{"start":{"line":9,"column":85},"end":{"line":9,"column":87}},{"start":{"line":9,"column":75},"end":{"line":9,"column":96}}]},"7":{"loc":{"start":{"line":9,"column":75},"end":{"line":9,"column":87}},"type":"binary-expr","locations":[{"start":{"line":9,"column":75},"end":{"line":9,"column":87}},{"start":{"line":9,"column":75},"end":{"line":9,"column":87}}]},"8":{"loc":{"start":{"line":9,"column":98},"end":{"line":9,"column":117}},"type":"cond-expr","locations":[{"start":{"line":9,"column":108},"end":{"line":9,"column":110}},{"start":{"line":9,"column":98},"end":{"line":9,"column":117}}]},"9":{"loc":{"start":{"line":9,"column":98},"end":{"line":9,"column":110}},"type":"binary-expr","locations":[{"start":{"line":9,"column":98},"end":{"line":9,"column":110}},{"start":{"line":9,"column":98},"end":{"line":9,"column":110}}]}},"s":{"0":3,"1":5,"2":5,"3":5,"4":5,"5":5,"6":5,"7":3},"f":{"0":5,"1":5},"b":{"0":[0,5],"1":[5,5],"2":[0,5],"3":[5,5],"4":[0,5],"5":[5,5],"6":[0,5],"7":[5,5],"8":[0,5],"9":[5,5]}}
}
