TN:
SF:src/contexts/antifraud/antifraud.controller.ts
FN:12,(anonymous_4)
FN:19,(anonymous_5)
FNF:2
FNH:2
FNDA:4,(anonymous_4)
FNDA:2,(anonymous_5)
DA:1,1
DA:3,1
DA:4,1
DA:5,1
DA:7,1
DA:8,1
DA:11,1
DA:13,4
DA:14,4
DA:15,4
DA:19,1
DA:20,2
DA:21,2
DA:22,2
DA:23,2
DA:24,0
DA:26,2
DA:37,2
DA:38,2
DA:40,1
LF:20
LH:19
BRDA:21,0,0,0
BRDA:21,0,1,2
BRDA:21,1,0,2
BRDA:21,1,1,2
BRDA:22,2,0,0
BRDA:22,2,1,2
BRDA:22,3,0,2
BRDA:22,3,1,2
BRDA:23,4,0,0
BRDA:23,5,0,0
BRDA:23,5,1,2
BRDA:23,6,0,2
BRDA:23,6,1,2
BRDA:44,7,0,0
BRDA:44,7,1,1
BRDA:44,8,0,1
BRDA:44,8,1,1
BRDA:48,9,0,1
BRDA:48,9,1,1
BRDA:48,10,0,1
BRDA:48,10,1,0
BRDA:48,11,0,1
BRDA:48,11,1,1
BRF:23
BRH:17
end_of_record
TN:
SF:src/contexts/antifraud/antifraud.module.ts
FNF:0
FNH:0
DA:1,0
DA:2,0
DA:3,0
DA:4,0
DA:12,0
LF:5
LH:0
BRF:0
BRH:0
end_of_record
TN:
SF:src/contexts/antifraud/antifraud.service.ts
FN:12,(anonymous_2)
FN:17,(anonymous_3)
FNF:2
FNH:2
FNDA:5,(anonymous_2)
FNDA:2,(anonymous_3)
DA:1,2
DA:2,2
DA:3,2
DA:4,2
DA:7,2
DA:8,2
DA:11,2
DA:13,5
DA:14,5
DA:15,5
DA:19,2
DA:21,2
DA:28,2
DA:30,2
DA:34,2
DA:44,2
DA:46,0
DA:51,0
DA:63,0
LF:19
LH:16
BRDA:25,0,0,0
BRDA:25,0,1,2
BRDA:48,1,0,0
BRDA:48,1,1,0
BRDA:48,2,0,0
BRDA:48,2,1,0
BRDA:48,3,0,0
BRDA:48,3,1,0
BRF:8
BRH:1
end_of_record
TN:
SF:src/contexts/antifraud/events/create.antiFraud.ts
FN:8,(anonymous_0)
FN:12,(anonymous_1)
FNF:2
FNH:2
FNDA:5,(anonymous_0)
FNDA:5,(anonymous_1)
DA:2,3
DA:4,3
DA:5,5
DA:6,5
DA:8,5
DA:9,5
DA:13,5
LF:7
LH:7
BRDA:9,0,0,0
BRDA:9,0,1,5
BRDA:9,1,0,5
BRDA:9,1,1,5
BRDA:9,2,0,0
BRDA:9,2,1,5
BRDA:9,3,0,5
BRDA:9,3,1,5
BRDA:9,4,0,0
BRDA:9,4,1,5
BRDA:9,5,0,5
BRDA:9,5,1,5
BRDA:9,6,0,0
BRDA:9,6,1,5
BRDA:9,7,0,5
BRDA:9,7,1,5
BRDA:9,8,0,0
BRDA:9,8,1,5
BRDA:9,9,0,5
BRDA:9,9,1,5
BRF:20
BRH:15
end_of_record
